2025-11-10 01:17:08,095 - chromadb.config - DEBUG - Starting component System
2025-11-10 01:17:08,095 - chromadb.config - DEBUG - Starting component Posthog
2025-11-10 01:20:14,035 - chromadb.config - DEBUG - Starting component System
2025-11-10 01:20:14,035 - chromadb.config - DEBUG - Starting component Posthog
2025-11-10 22:51:41,344 - chromadb.config - DEBUG - Starting component System
2025-11-10 22:51:41,344 - chromadb.config - DEBUG - Starting component Posthog
2025-11-10 22:51:41,344 - chromadb.config - DEBUG - Starting component OpenTelemetryClient
2025-11-10 22:51:41,344 - chromadb.config - DEBUG - Starting component SimpleAssignmentPolicy
2025-11-10 22:51:41,344 - chromadb.config - DEBUG - Starting component SqliteDB
2025-11-10 22:51:41,411 - chromadb.config - DEBUG - Starting component QuotaEnforcer
2025-11-10 22:51:41,411 - chromadb.config - DEBUG - Starting component LocalSegmentManager
2025-11-10 22:51:41,411 - chromadb.config - DEBUG - Starting component SegmentAPI
2025-11-10 22:51:41,471 - chromadb.config - DEBUG - Starting component LocalHnswSegment
2025-11-10 22:58:40,282 - chromadb.config - DEBUG - Starting component System
2025-11-10 22:58:40,282 - chromadb.config - DEBUG - Starting component Posthog
2025-11-10 22:58:40,282 - chromadb.config - DEBUG - Starting component OpenTelemetryClient
2025-11-10 22:58:40,282 - chromadb.config - DEBUG - Starting component SimpleAssignmentPolicy
2025-11-10 22:58:40,282 - chromadb.config - DEBUG - Starting component SqliteDB
2025-11-10 22:58:40,282 - chromadb.config - DEBUG - Starting component QuotaEnforcer
2025-11-10 22:58:40,282 - chromadb.config - DEBUG - Starting component LocalSegmentManager
2025-11-10 22:58:40,282 - chromadb.config - DEBUG - Starting component SegmentAPI
2025-11-10 22:58:40,316 - chromadb.config - DEBUG - Starting component LocalHnswSegment
